<?xml version="1.0" encoding="UTF-8"?>
<!-- Generated by org.testng.reporters.JUnitReportReporter -->
<testsuite hostname="NARENDERG" name="letzNavTestFrameWork.letzNavTestScripts.letzNavRegressionTestEditorTest" tests="1" failures="0" timestamp="22 Mar 2018 05:31:09 GMT" time="9.592" errors="0">
  <testcase name="editorLogin" time="9.592" classname="letzNavTestFrameWork.letzNavTestScripts.letzNavRegressionTestEditorTest"/>
</testsuite> <!-- letzNavTestFrameWork.letzNavTestScripts.letzNavRegressionTestEditorTest -->
